<?xml version="1.0" encoding="UTF-8"?>
<!-- Generated by org.testng.reporters.JUnitReportReporter -->
<testsuite hostname="DESKTOP-TFUE92S" name="Automation.Saucedemo.SauceSmoke" tests="4" failures="0" timestamp="1 May 2020 15:30:18 GMT" time="25.981" errors="0">
  <testcase name="checkoutInformation" time="4.571" classname="Automation.Saucedemo.SauceSmoke"/>
  <testcase name="checkoutOverwiev" time="2.859" classname="Automation.Saucedemo.SauceSmoke"/>
  <testcase name="complateShoping" time="0.099" classname="Automation.Saucedemo.SauceSmoke"/>
  <testcase name="LoginPage" time="18.452" classname="Automation.Saucedemo.SauceSmoke"/>
</testsuite> <!-- Automation.Saucedemo.SauceSmoke -->
